c:\users\sean sorek hp laptop\source\repos\stall_searching\x64\release\vc143.pdb
c:\users\sean sorek hp laptop\source\repos\stall_searching\x64\release\stall_searching.obj
c:\users\sean sorek hp laptop\source\repos\stall_searching\x64\release\create_configs.obj
c:\users\sean sorek hp laptop\documents\fzf_grid_bruteforce\x64\release\vc143.pdb
c:\users\sean sorek hp laptop\documents\fzf_grid_bruteforce\x64\release\stall_searching.obj
c:\users\sean sorek hp laptop\documents\fzf_grid_bruteforce\x64\release\create_configs.obj
c:\users\sean sorek hp laptop\source\repos\stall_searching\x64\release\stall_searching.ipdb
c:\users\sean sorek hp laptop\source\repos\stall_searching\x64\release\stall_searching.iobj
c:\users\sean sorek hp laptop\source\repos\stall_searching\x64\release\stall_searching.exe
c:\users\sean sorek hp laptop\source\repos\stall_searching\x64\release\stall_searching.pdb
c:\users\sean sorek hp laptop\documents\fzf_grid_bruteforce\x64\release\stall_searching.ipdb
c:\users\sean sorek hp laptop\documents\fzf_grid_bruteforce\x64\release\stall_searching.iobj
c:\users\sean sorek hp laptop\documents\fzf_grid_bruteforce\x64\release\stall_searching.exe
c:\users\sean sorek hp laptop\documents\fzf_grid_bruteforce\x64\release\stall_searching.pdb
c:\users\sean sorek hp laptop\documents\fzf_grid_bruteforce\x64\release\stall_searching.tlog\cl.command.1.tlog
c:\users\sean sorek hp laptop\documents\fzf_grid_bruteforce\x64\release\stall_searching.tlog\cl.read.1.tlog
c:\users\sean sorek hp laptop\documents\fzf_grid_bruteforce\x64\release\stall_searching.tlog\cl.write.1.tlog
c:\users\sean sorek hp laptop\documents\fzf_grid_bruteforce\x64\release\stall_searching.tlog\link.command.1.tlog
c:\users\sean sorek hp laptop\documents\fzf_grid_bruteforce\x64\release\stall_searching.tlog\link.read.1.tlog
c:\users\sean sorek hp laptop\documents\fzf_grid_bruteforce\x64\release\stall_searching.tlog\link.write.1.tlog
c:\users\sean sorek hp laptop\documents\fzf_grid_bruteforce\x64\release\stall_searching.tlog\link.write.2u.tlog
