  stall_searching.cpp
C:\Users\Sean Sorek HP Laptop\source\repos\stall_searching\stall_searching.cpp(18,42): warning C4244: 'initializing': conversion from 'double' to 'unsigned __int64', possible loss of data
C:\Users\Sean Sorek HP Laptop\source\repos\stall_searching\stall_searching.cpp(131,19): warning C4018: '<=': signed/unsigned mismatch
C:\Users\Sean Sorek HP Laptop\source\repos\stall_searching\stall_searching.cpp(134,24): warning C4018: '>': signed/unsigned mismatch
C:\Users\Sean Sorek HP Laptop\source\repos\stall_searching\stall_searching.cpp(142,19): warning C4018: '<=': signed/unsigned mismatch
C:\Users\Sean Sorek HP Laptop\source\repos\stall_searching\stall_searching.cpp(145,24): warning C4018: '>': signed/unsigned mismatch
C:\Users\Sean Sorek HP Laptop\source\repos\stall_searching\stall_searching.cpp(153,19): warning C4018: '<=': signed/unsigned mismatch
C:\Users\Sean Sorek HP Laptop\source\repos\stall_searching\stall_searching.cpp(156,24): warning C4018: '>': signed/unsigned mismatch
C:\Users\Sean Sorek HP Laptop\source\repos\stall_searching\stall_searching.cpp(169,28): warning C4244: 'initializing': conversion from '__int64' to 'unsigned int', possible loss of data
C:\Users\Sean Sorek HP Laptop\source\repos\stall_searching\stall_searching.cpp(187,23): warning C4018: '<=': signed/unsigned mismatch
C:\Users\Sean Sorek HP Laptop\source\repos\stall_searching\stall_searching.cpp(190,32): warning C4244: 'initializing': conversion from '__int64' to 'unsigned int', possible loss of data
C:\Users\Sean Sorek HP Laptop\source\repos\stall_searching\stall_searching.cpp(191,27): warning C4018: '<=': signed/unsigned mismatch
C:\Users\Sean Sorek HP Laptop\source\repos\stall_searching\stall_searching.cpp(317,32): warning C4018: '<': signed/unsigned mismatch
C:\Users\Sean Sorek HP Laptop\source\repos\stall_searching\stall_searching.cpp(353,43): warning C4267: '=': conversion from 'size_t' to '_Ty', possible loss of data
          with
          [
              _Ty=unsigned int
          ]
C:\Users\Sean Sorek HP Laptop\source\repos\stall_searching\stall_searching.cpp(344,9): warning C4101: 'index': unreferenced local variable
C:\Users\Sean Sorek HP Laptop\source\repos\stall_searching\stall_searching.cpp(383,25): warning C4267: 'initializing': conversion from 'size_t' to 'int', possible loss of data
C:\Users\Sean Sorek HP Laptop\source\repos\stall_searching\stall_searching.cpp(412,35): warning C4267: 'initializing': conversion from 'size_t' to 'int', possible loss of data
C:\Users\Sean Sorek HP Laptop\source\repos\stall_searching\stall_searching.cpp(424,49): warning C4267: '=': conversion from 'size_t' to '_Ty', possible loss of data
          with
          [
              _Ty=int
          ]
C:\Users\Sean Sorek HP Laptop\source\repos\stall_searching\stall_searching.cpp(430,47): warning C4267: '=': conversion from 'size_t' to '_Ty', possible loss of data
          with
          [
              _Ty=int
          ]
C:\Users\Sean Sorek HP Laptop\source\repos\stall_searching\stall_searching.cpp(404,9): warning C4101: 'index': unreferenced local variable
C:\Users\Sean Sorek HP Laptop\source\repos\stall_searching\stall_searching.cpp(466,18): warning C4244: 'initializing': conversion from '__int64' to 'int', possible loss of data
C:\Users\Sean Sorek HP Laptop\source\repos\stall_searching\stall_searching.cpp(484,23): warning C4018: '<=': signed/unsigned mismatch
C:\Users\Sean Sorek HP Laptop\source\repos\stall_searching\stall_searching.cpp(496,48): warning C4267: '=': conversion from 'size_t' to 'int', possible loss of data
C:\Users\Sean Sorek HP Laptop\source\repos\stall_searching\stall_searching.cpp(519,28): warning C4018: '<': signed/unsigned mismatch
C:\Users\Sean Sorek HP Laptop\source\repos\stall_searching\stall_searching.cpp(469,9): warning C4101: 'index': unreferenced local variable
C:\Users\Sean Sorek HP Laptop\source\repos\stall_searching\stall_searching.cpp(540,12): warning C4477: 'printf' : format string '%u' requires an argument of type 'unsigned int', but variadic argument 1 has type 'unsigned __int64'
C:\Users\Sean Sorek HP Laptop\source\repos\stall_searching\stall_searching.cpp(540,12): message : consider using '%zu' in the format string
C:\Users\Sean Sorek HP Laptop\source\repos\stall_searching\stall_searching.cpp(557,12): warning C4477: 'printf' : format string '%u' requires an argument of type 'unsigned int', but variadic argument 1 has type 'unsigned __int64'
C:\Users\Sean Sorek HP Laptop\source\repos\stall_searching\stall_searching.cpp(557,12): message : consider using '%zu' in the format string
C:\Users\Sean Sorek HP Laptop\source\repos\stall_searching\stall_searching.cpp(575,34): warning C4267: 'initializing': conversion from 'size_t' to 'int', possible loss of data
C:\Users\Sean Sorek HP Laptop\source\repos\stall_searching\stall_searching.cpp(588,27): warning C4018: '<': signed/unsigned mismatch
C:\Users\Sean Sorek HP Laptop\source\repos\stall_searching\stall_searching.cpp(589,31): warning C4018: '<': signed/unsigned mismatch
  stall_searching.vcxproj -> C:\Users\Sean Sorek HP Laptop\source\repos\stall_searching\x64\Debug\stall_searching.exe
